[INFO    ] Setting up logfile :  astrodrizzle.log
[INFO    ] 
[INFO    ] AstroDrizzle Version 2.1.21(12-January-2018) started at: 17:12:04.512 (04/03/2019)
[INFO    ] 
[INFO    ] Version Information
[INFO    ] --------------------
[INFO    ] Python Version 2.7.14 |Anaconda, Inc.| (default, Dec  7 2017, 11:07:58) 
[GCC 4.2.1 Compatible Clang 4.0.1 (tags/RELEASE_401/final)]
[INFO    ] numpy Version -> 1.11.3 
[INFO    ] astropy Version -> 2.0.3 
[INFO    ] stwcs Version -> 1.3.2 
[INFO    ] ==== Processing Step  Initialization  started at  17:12:04.516 (04/03/2019)
[INFO    ] 
[INFO    ] Preserving original of:  ib6o23rtq_flt.fits as  OrIg_files/ib6o23rtq_flt.fits
[INFO    ] 
[INFO    ] Preserving original of:  ib6o23rwq_flt.fits as  OrIg_files/ib6o23rwq_flt.fits
[INFO    ] 
[INFO    ] Preserving original of:  ib6o23rzq_flt.fits as  OrIg_files/ib6o23rzq_flt.fits
[INFO    ] 
[INFO    ] Preserving original of:  ib6o23s2q_flt.fits as  OrIg_files/ib6o23s2q_flt.fits
[INFO    ] 
[INFO    ] Executing serially
[INFO    ] Setting up output name: F140W_drz.fits
[INFO    ] -Creating imageObject List as input for processing steps.
[INFO    ] Reading in MDRIZSKY of 0.642482159059
[INFO    ] Reading in MDRIZSKY of 0.703529344665
[INFO    ] Reading in MDRIZSKY of 0.639246119871
[INFO    ] Reading in MDRIZSKY of 0.64221420203
[INFO    ] Reset bit values of 4096 to a value of 0 in ib6o23rtq_flt.fits[DQ,1]
[INFO    ] Reset bit values of 4096 to a value of 0 in ib6o23rwq_flt.fits[DQ,1]
[INFO    ] Reset bit values of 4096 to a value of 0 in ib6o23rzq_flt.fits[DQ,1]
[INFO    ] Reset bit values of 4096 to a value of 0 in ib6o23s2q_flt.fits[DQ,1]
[INFO    ] -Creating output WCS.
[INFO    ] Creating OUTPUT WCS from ../G141/G141_drz.fits[1]
[INFO    ] 
[INFO    ] WCS Keywords
[INFO    ] 
[INFO    ] CD_11  CD_12: 3.42598763584752e-05 9.7673718843095202e-06
[INFO    ] 
[INFO    ] CD_21  CD_22: 9.7673718843095202e-06 -3.4259876358474997e-05
[INFO    ] 
[INFO    ] CRVAL    : 53.071129044685243 -27.709598577512789
[INFO    ] 
[INFO    ] CRPIX    : 620.0 519.0
[INFO    ] 
[INFO    ] NAXIS    : 1240 1038
[INFO    ] 
[INFO    ] Plate Scale : 0.1282500028610227
[INFO    ] 
[INFO    ] ORIENTAT : 164.08733290095458
[INFO    ] 
[INFO    ] ********************************************************************************
[INFO    ] 
[INFO    ] *
[INFO    ] 
[INFO    ] *  Estimated memory usage:  up to 90 Mb.
[INFO    ] 
[INFO    ] *  Output image size:       1240 X 1038 pixels. 
[INFO    ] 
[INFO    ] *  Output image file:       ~ 14 Mb. 
[INFO    ] 
[INFO    ] *  Cores available:         4
[INFO    ] 
[INFO    ] *
[INFO    ] 
[INFO    ] ********************************************************************************
[INFO    ] 
[INFO    ] ==== Processing Step  Initialization  finished at  17:12:07.100 (04/03/2019)
[INFO    ] 
[INFO    ] USER INPUT PARAMETERS common to all Processing Steps:
[INFO    ] 	build :	True
[INFO    ] 	coeffs :	True
[INFO    ] 	context :	True
[INFO    ] 	crbit :	4096
[INFO    ] 	group :	
[INFO    ] 	in_memory :	False
[INFO    ] 	input :	@F140W.lis
[INFO    ] 	mdriztab :	False
[INFO    ] 	num_cores :	None
[INFO    ] 	output :	F140W
[INFO    ] 	proc_unit :	native
[INFO    ] 	resetbits :	4096
[INFO    ] 	runfile :	astrodrizzle.log
[INFO    ] 	stepsize :	10
[INFO    ] 	updatewcs :	False
[INFO    ] 	wcskey :	
[INFO    ] ==== Processing Step  Static Mask  started at  17:12:07.105 (04/03/2019)
[INFO    ] 
[INFO    ] USER INPUT PARAMETERS for Static Mask Step:
[INFO    ] 	static :	True
[INFO    ] 	static_sig :	4.0
[INFO    ] Computing static mask:

[INFO    ]   mode =  0.639112;   rms = 0.130121;   static_sig = 4.00
[INFO    ] Computing static mask:

[INFO    ]   mode =  0.699100;   rms = 0.131049;   static_sig = 4.00
[INFO    ] Computing static mask:

[INFO    ]   mode =  0.635803;   rms = 0.129872;   static_sig = 4.00
[INFO    ] Computing static mask:

[INFO    ]   mode =  0.642505;   rms = 0.130036;   static_sig = 4.00
[INFO    ] Saving static mask to disk: ./WFC3IR_1014x1014_1_staticMask.fits
[INFO    ] ==== Processing Step  Static Mask  finished at  17:12:07.254 (04/03/2019)
[INFO    ] 
[INFO    ] ==== Processing Step  Subtract Sky  started at  17:12:07.258 (04/03/2019)
[INFO    ] 
[INFO    ] USER INPUT PARAMETERS for Sky Subtraction Step:
[INFO    ] 	sky_bits :	0
[INFO    ] 	skyclip :	5
[INFO    ] 	skyfile :	
[INFO    ] 	skylower :	None
[INFO    ] 	skylsigma :	4.0
[INFO    ] 	skymask_cat :	
[INFO    ] 	skymethod :	localmin
[INFO    ] 	skystat :	median
[INFO    ] 	skysub :	yes
[INFO    ] 	skyupper :	None
[INFO    ] 	skyuser :	
[INFO    ] 	skyusigma :	4.0
[INFO    ] 	skywidth :	0.1
[INFO    ] 	use_static :	True
[INFO    ] ***** skymatch started on 2019-03-04 17:12:07.461829
[INFO    ]       Version 0.9.8 (25-October-2017)
[INFO    ] 
[INFO    ] 'skymatch' task will apply computed sky differences to input image file(s).
[INFO    ] 
[INFO    ] NOTE: Computed sky values WILL NOT be subtracted from image data ('subtractsky'=False).
[INFO    ] 'MDRIZSKY' header keyword will represent sky value *computed* from data.
[INFO    ] 
[INFO    ] -----  User specified keywords:  -----
[INFO    ]        Sky Value Keyword:  'MDRIZSKY'
[INFO    ]        Data Units Keyword: 'BUNIT'
[INFO    ] 
[INFO    ] 
[INFO    ] -----  Input file list:  -----
[INFO    ] 
[INFO    ]    **  Input image: 'ib6o23rtq_flt.fits'
[INFO    ] 
[INFO    ]        EXT: 'SCI',1;	MASK: ib6o23rtq_skymatch_mask_sci1.fits[0]
[INFO    ] 
[INFO    ] 
[INFO    ]    **  Input image: 'ib6o23rwq_flt.fits'
[INFO    ] 
[INFO    ]        EXT: 'SCI',1;	MASK: ib6o23rwq_skymatch_mask_sci1.fits[0]
[INFO    ] 
[INFO    ] 
[INFO    ]    **  Input image: 'ib6o23rzq_flt.fits'
[INFO    ] 
[INFO    ]        EXT: 'SCI',1;	MASK: ib6o23rzq_skymatch_mask_sci1.fits[0]
[INFO    ] 
[INFO    ] 
[INFO    ]    **  Input image: 'ib6o23s2q_flt.fits'
[INFO    ] 
[INFO    ]        EXT: 'SCI',1;	MASK: ib6o23s2q_skymatch_mask_sci1.fits[0]
[INFO    ] 
[INFO    ] 
[INFO    ] -----  Sky statistics parameters:  -----
[INFO    ]        statistics function: 'median'
[INFO    ]        lower = None
[INFO    ]        upper = None
[INFO    ]        nclip = 5
[INFO    ]        lsigma = 4.0
[INFO    ]        usigma = 4.0
[INFO    ]        binwidth = 0.1
[INFO    ] 
[INFO    ] -----  Data->Brightness conversion parameters for input files:  -----
[INFO    ] 
[INFO    ]    *   Image: ib6o23rtq_flt.fits
[INFO    ]        EXT = 'SCI',1
[INFO    ]              Data units type: COUNT-RATE
[INFO    ]              Conversion factor (data->brightness):  60.7974316357
[INFO    ] 
[INFO    ]    *   Image: ib6o23rwq_flt.fits
[INFO    ]        EXT = 'SCI',1
[INFO    ]              Data units type: COUNT-RATE
[INFO    ]              Conversion factor (data->brightness):  60.7974316357
[INFO    ] 
[INFO    ]    *   Image: ib6o23rzq_flt.fits
[INFO    ]        EXT = 'SCI',1
[INFO    ]              Data units type: COUNT-RATE
[INFO    ]              Conversion factor (data->brightness):  60.7974316357
[INFO    ] 
[INFO    ]    *   Image: ib6o23s2q_flt.fits
[INFO    ]        EXT = 'SCI',1
[INFO    ]              Data units type: COUNT-RATE
[INFO    ]              Conversion factor (data->brightness):  60.7974316357
[INFO    ] 
[INFO    ] 
[INFO    ] -----  Computing sky values requested image extensions (detector chips):  -----
[INFO    ] 
[INFO    ]    *   Image:   'ib6o23rtq_flt.fits['SCI',1]'  --  SKY = 38.8255981011 (brightness units)
[INFO    ]        Sky change (data units):
[INFO    ]       - EXT = 'SCI',1   delta(MDRIZSKY) = 0.638606   NEW MDRIZSKY = 0.638606
[INFO    ]    *   Image:   'ib6o23rwq_flt.fits['SCI',1]'  --  SKY = 42.9380527365 (brightness units)
[INFO    ]        Sky change (data units):
[INFO    ]       - EXT = 'SCI',1   delta(MDRIZSKY) = 0.706248   NEW MDRIZSKY = 0.706248
[INFO    ]    *   Image:   'ib6o23rzq_flt.fits['SCI',1]'  --  SKY = 39.1101830942 (brightness units)
[INFO    ]        Sky change (data units):
[INFO    ]       - EXT = 'SCI',1   delta(MDRIZSKY) = 0.643287   NEW MDRIZSKY = 0.643287
[INFO    ]    *   Image:   'ib6o23s2q_flt.fits['SCI',1]'  --  SKY = 39.2802702083 (brightness units)
[INFO    ]        Sky change (data units):
[INFO    ]       - EXT = 'SCI',1   delta(MDRIZSKY) = 0.646084   NEW MDRIZSKY = 0.646084
[INFO    ] ***** skymatch ended on 2019-03-04 17:12:07.831997
[INFO    ] TOTAL RUN TIME: 0:00:00.370168
[INFO    ] ==== Processing Step  Subtract Sky  finished at  17:12:07.953 (04/03/2019)
[INFO    ] 
[INFO    ] ==== Processing Step  Separate Drizzle  started at  17:12:07.957 (04/03/2019)
[INFO    ] 
[INFO    ] Interpreted paramDict with single=True as:
{'pixfrac': 1.0, 'wt_scl': 'exptime', 'units': 'cps', 'kernel': 'turbo', 'wcskey': '', 'compress': False, 'stepsize': 10, 'build': True, 'fillval': None, 'coeffs': True, 'bits': 0}
[INFO    ] USER INPUT PARAMETERS for Separate Drizzle Step:
[INFO    ] 	bits :	0
[INFO    ] 	build :	False
[INFO    ] 	clean :	False
[INFO    ] 	coeffs :	True
[INFO    ] 	compress :	False
[INFO    ] 	crbit :	None
[INFO    ] 	fillval :	None
[INFO    ] 	kernel :	turbo
[INFO    ] 	num_cores :	None
[INFO    ] 	pixfrac :	1.0
[INFO    ] 	proc_unit :	electrons
[INFO    ] 	stepsize :	10
[INFO    ] 	units :	cps
[INFO    ] 	wcskey :	
[INFO    ] 	wht_type :	None
[INFO    ] 	wt_scl :	exptime
[INFO    ]   **Using sub-sampling value of 10 for kernel turbo
[INFO    ] Running Drizzle to create output frame with WCS of: 
[INFO    ] WCS Keywords
[INFO    ] 
[INFO    ] CD_11  CD_12: 3.42598763584752e-05 9.7673718843095202e-06
[INFO    ] 
[INFO    ] CD_21  CD_22: 9.7673718843095202e-06 -3.4259876358474997e-05
[INFO    ] 
[INFO    ] CRVAL    : 53.071129044685243 -27.709598577512789
[INFO    ] 
[INFO    ] CRPIX    : 620.0 519.0
[INFO    ] 
[INFO    ] NAXIS    : 1240 1038
[INFO    ] 
[INFO    ] Plate Scale : 0.1282500028610227
[INFO    ] 
[INFO    ] ORIENTAT : 164.08733290095458
[INFO    ] 
[INFO    ] Executing 4 parallel workers
[INFO    ] -Drizzle input: ib6o23rtq_flt.fits[sci,1]
[INFO    ] -Drizzle input: ib6o23rwq_flt.fits[sci,1]
[INFO    ] -Drizzle input: ib6o23rzq_flt.fits[sci,1]
[INFO    ] -Drizzle input: ib6o23s2q_flt.fits[sci,1]
[INFO    ] Applying sky value of 0.638606 to ib6o23rtq_flt.fits[sci,1]
[INFO    ] Applying sky value of 0.706248 to ib6o23rwq_flt.fits[sci,1]
[INFO    ] Applying sky value of 0.643287 to ib6o23rzq_flt.fits[sci,1]
[INFO    ] Applying sky value of 0.646084 to ib6o23s2q_flt.fits[sci,1]
[INFO    ] Writing out mask file: ib6o23s2q_sci1_single_mask.fits
[INFO    ] Using WCSLIB-based coordinate transformation...
[INFO    ] stepsize = 10
[INFO    ] Writing out mask file: ib6o23rtq_sci1_single_mask.fits
[INFO    ] Writing out mask file: ib6o23rzq_sci1_single_mask.fits
[INFO    ] Using WCSLIB-based coordinate transformation...
[INFO    ] Writing out mask file: ib6o23rwq_sci1_single_mask.fits
[INFO    ] stepsize = 10
[INFO    ] Using WCSLIB-based coordinate transformation...
[INFO    ] Using WCSLIB-based coordinate transformation...
[INFO    ] stepsize = 10
[INFO    ] stepsize = 10
[INFO    ] -Generating simple FITS output: ib6o23rtq_single_sci.fits
[INFO    ] -Generating simple FITS output: ib6o23s2q_single_sci.fits
[INFO    ] 
[INFO    ] 
[INFO    ] -Generating simple FITS output: ib6o23rwq_single_sci.fits
[INFO    ] -Generating simple FITS output: ib6o23rzq_single_sci.fits
[INFO    ] 
[INFO    ] 
[INFO    ] Writing out image to disk: ib6o23s2q_single_sci.fits
[INFO    ] Writing out image to disk: ib6o23rtq_single_sci.fits
[INFO    ] 
[INFO    ] 
[INFO    ] Writing out image to disk: ib6o23rwq_single_sci.fits
[INFO    ] Writing out image to disk: ib6o23rzq_single_sci.fits
[INFO    ] 
[INFO    ] 
[INFO    ] Writing out image to disk: ib6o23rtq_single_wht.fits
[INFO    ] Writing out image to disk: ib6o23s2q_single_wht.fits
[INFO    ] 
[INFO    ] 
[INFO    ] Writing out image to disk: ib6o23rwq_single_wht.fits
[INFO    ] Writing out image to disk: ib6o23rzq_single_wht.fits
[INFO    ] 
[INFO    ] 
[INFO    ] ==== Processing Step  Separate Drizzle  finished at  17:12:08.997 (04/03/2019)
[INFO    ] 
[INFO    ] ==== Processing Step  Create Median  started at  17:12:09.005 (04/03/2019)
[INFO    ] 
[INFO    ] USER INPUT PARAMETERS for Create Median Step:
[INFO    ] 	combine_bufsize :	None
[INFO    ] 	combine_grow :	1
[INFO    ] 	combine_hthresh :	None
[INFO    ] 	combine_lthresh :	None
[INFO    ] 	combine_maskpt :	0.3
[INFO    ] 	combine_nhigh :	0
[INFO    ] 	combine_nlow :	0
[INFO    ] 	combine_nsigma :	4 3
[INFO    ] 	combine_type :	minmed
[INFO    ] 	compress :	False
[INFO    ] 	median :	True
[INFO    ] 	median_newmasks :	True
[INFO    ] 	proc_unit :	native
[INFO    ] reference sky value for image  ib6o23rtq_flt.fits  is  129.594159804
[INFO    ] 
[INFO    ] reference sky value for image  ib6o23rwq_flt.fits  is  143.320931039
[INFO    ] 
[INFO    ] reference sky value for image  ib6o23rzq_flt.fits  is  130.544062829
[INFO    ] 
[INFO    ] reference sky value for image  ib6o23s2q_flt.fits  is  131.111788703
[INFO    ] 
[INFO    ] 
[INFO    ] 
[INFO    ] Saving output median image to:  F140W_med.fits
[INFO    ] 
[INFO    ] ==== Processing Step  Create Median  finished at  17:12:10.461 (04/03/2019)
[INFO    ] 
[INFO    ] ==== Processing Step  Blot  started at  17:12:10.465 (04/03/2019)
[INFO    ] 
[INFO    ] USER INPUT PARAMETERS for Blot Step:
[INFO    ] 	blot_addsky :	True
[INFO    ] 	blot_interp :	poly5
[INFO    ] 	blot_sinscl :	1.0
[INFO    ] 	blot_skyval :	0.0
[INFO    ] 	coeffs :	True
[INFO    ]     Blot: creating blotted image:  ib6o23rtq_flt.fits[sci,1]
[INFO    ] 
[INFO    ] Using default C-based coordinate transformation...
[INFO    ] 
[INFO    ] Applying sky value of 0.638606 to blotted image ib6o23rtq_flt.fits[sci,1]
[INFO    ] -Generating simple FITS output: ib6o23rtq_sci1_blt.fits
[INFO    ] 
[INFO    ] Writing out image to disk: ib6o23rtq_sci1_blt.fits
[INFO    ] 
[INFO    ]     Blot: creating blotted image:  ib6o23rwq_flt.fits[sci,1]
[INFO    ] 
[INFO    ] Using default C-based coordinate transformation...
[INFO    ] 
[INFO    ] Applying sky value of 0.706248 to blotted image ib6o23rwq_flt.fits[sci,1]
[INFO    ] -Generating simple FITS output: ib6o23rwq_sci1_blt.fits
[INFO    ] 
[INFO    ] Writing out image to disk: ib6o23rwq_sci1_blt.fits
[INFO    ] 
[INFO    ]     Blot: creating blotted image:  ib6o23rzq_flt.fits[sci,1]
[INFO    ] 
[INFO    ] Using default C-based coordinate transformation...
[INFO    ] 
[INFO    ] Applying sky value of 0.643287 to blotted image ib6o23rzq_flt.fits[sci,1]
[INFO    ] -Generating simple FITS output: ib6o23rzq_sci1_blt.fits
[INFO    ] 
[INFO    ] Writing out image to disk: ib6o23rzq_sci1_blt.fits
[INFO    ] 
[INFO    ]     Blot: creating blotted image:  ib6o23s2q_flt.fits[sci,1]
[INFO    ] 
[INFO    ] Using default C-based coordinate transformation...
[INFO    ] 
[INFO    ] Applying sky value of 0.646084 to blotted image ib6o23s2q_flt.fits[sci,1]
[INFO    ] -Generating simple FITS output: ib6o23s2q_sci1_blt.fits
[INFO    ] 
[INFO    ] Writing out image to disk: ib6o23s2q_sci1_blt.fits
[INFO    ] 
[INFO    ] ==== Processing Step  Blot  finished at  17:12:13.079 (04/03/2019)
[INFO    ] 
[INFO    ] ==== Processing Step  Driz_CR  started at  17:12:13.083 (04/03/2019)
[INFO    ] 
[INFO    ] USER INPUT PARAMETERS for Driz_CR Step:
[INFO    ] 	crbit :	4096
[INFO    ] 	driz_cr :	True
[INFO    ] 	driz_cr_corr :	True
[INFO    ] 	driz_cr_ctegrow :	0
[INFO    ] 	driz_cr_grow :	1
[INFO    ] 	driz_cr_scale :	1.2 0.7
[INFO    ] 	driz_cr_snr :	3.5 3.0
[INFO    ] 	inmemory :	False
[INFO    ] Executing 4 parallel workers
[INFO    ] Creating output :  ib6o23rtq_sci1_crmask.fits
[INFO    ] 
[INFO    ] Creating output :  ib6o23rwq_sci1_crmask.fits
[INFO    ] 
[INFO    ] Creating output :  ib6o23rzq_sci1_crmask.fits
[INFO    ] 
[INFO    ] Creating output :  ib6o23s2q_sci1_crmask.fits
[INFO    ] 
[INFO    ] Created CR corrected file:  ib6o23rtq_crclean.fits
[INFO    ] 
[INFO    ] Created CR corrected file:  ib6o23rwq_crclean.fits
[INFO    ] 
[INFO    ] Created CR corrected file:  ib6o23rzq_crclean.fits
[INFO    ] 
[INFO    ] Created CR corrected file:  ib6o23s2q_crclean.fits
[INFO    ] 
[INFO    ] ==== Processing Step  Driz_CR  finished at  17:12:14.196 (04/03/2019)
[INFO    ] 
[INFO    ] ==== Processing Step  Final Drizzle  started at  17:12:14.209 (04/03/2019)
[INFO    ] 
[INFO    ] Interpreted paramDict with single=False as:
{'pixfrac': 1.0, 'kernel': 'square', 'units': 'cps', 'wcskey': '', 'maskval': None, 'wt_scl': 'exptime', 'stepsize': 10, 'build': True, 'fillval': None, 'coeffs': True, 'bits': 0, 'wht_type': 'EXP'}
[INFO    ] USER INPUT PARAMETERS for Final Drizzle Step:
[INFO    ] 	bits :	0
[INFO    ] 	build :	True
[INFO    ] 	clean :	False
[INFO    ] 	coeffs :	True
[INFO    ] 	crbit :	4096
[INFO    ] 	fillval :	None
[INFO    ] 	kernel :	square
[INFO    ] 	maskval :	None
[INFO    ] 	pixfrac :	1.0
[INFO    ] 	proc_unit :	native
[INFO    ] 	stepsize :	10
[INFO    ] 	units :	cps
[INFO    ] 	wcskey :	
[INFO    ] 	wht_type :	EXP
[INFO    ] 	wt_scl :	exptime
[INFO    ]   **Using sub-sampling value of 10 for kernel square
[INFO    ] Running Drizzle to create output frame with WCS of: 
[INFO    ] WCS Keywords
[INFO    ] 
[INFO    ] CD_11  CD_12: 3.42598763584752e-05 9.7673718843095202e-06
[INFO    ] 
[INFO    ] CD_21  CD_22: 9.7673718843095202e-06 -3.4259876358474997e-05
[INFO    ] 
[INFO    ] CRVAL    : 53.071129044685243 -27.709598577512789
[INFO    ] 
[INFO    ] CRPIX    : 620.0 519.0
[INFO    ] 
[INFO    ] NAXIS    : 1240 1038
[INFO    ] 
[INFO    ] Plate Scale : 0.1282500028610227
[INFO    ] 
[INFO    ] ORIENTAT : 164.08733290095458
[INFO    ] 
[INFO    ] -Drizzle input: ib6o23rtq_flt.fits[sci,1]
[INFO    ] Applying sky value of 0.638606 to ib6o23rtq_flt.fits[sci,1]
[INFO    ] Applying EXPTIME weighting to DQ mask for chip 1
[INFO    ] Writing out mask file: ib6o23rtq_sci1_final_mask.fits
[INFO    ] Using WCSLIB-based coordinate transformation...
[INFO    ] stepsize = 10
[INFO    ] -Drizzle input: ib6o23rwq_flt.fits[sci,1]
[INFO    ] Applying sky value of 0.706248 to ib6o23rwq_flt.fits[sci,1]
[INFO    ] Applying EXPTIME weighting to DQ mask for chip 1
[INFO    ] Writing out mask file: ib6o23rwq_sci1_final_mask.fits
[INFO    ] Using WCSLIB-based coordinate transformation...
[INFO    ] stepsize = 10
[INFO    ] -Drizzle input: ib6o23rzq_flt.fits[sci,1]
[INFO    ] Applying sky value of 0.643287 to ib6o23rzq_flt.fits[sci,1]
[INFO    ] Applying EXPTIME weighting to DQ mask for chip 1
[INFO    ] Writing out mask file: ib6o23rzq_sci1_final_mask.fits
[INFO    ] Using WCSLIB-based coordinate transformation...
[INFO    ] stepsize = 10
[INFO    ] -Drizzle input: ib6o23s2q_flt.fits[sci,1]
[INFO    ] Applying sky value of 0.646084 to ib6o23s2q_flt.fits[sci,1]
[INFO    ] Applying EXPTIME weighting to DQ mask for chip 1
[INFO    ] Writing out mask file: ib6o23s2q_sci1_final_mask.fits
[INFO    ] Using WCSLIB-based coordinate transformation...
[INFO    ] stepsize = 10
[INFO    ] -Generating multi-extension output file:  F140W_drz.fits
[INFO    ] 
[INFO    ] Writing out to disk: F140W_drz.fits
[INFO    ] 
[INFO    ] ==== Processing Step  Final Drizzle  finished at  17:12:18.762 (04/03/2019)
[INFO    ] 
[INFO    ] 
[INFO    ] AstroDrizzle Version 2.1.21 is finished processing at  17:12:18.768 (04/03/2019)!
[INFO    ] 
[INFO    ] 
[INFO    ]    --------------------          --------------------
[INFO    ]                    Step          Elapsed time
[INFO    ]    --------------------          --------------------
[INFO    ] 
[INFO    ]          Initialization          2.5833 sec.
[INFO    ] 
[INFO    ]             Static Mask          0.1483 sec.
[INFO    ] 
[INFO    ]            Subtract Sky          0.6955 sec.
[INFO    ] 
[INFO    ]        Separate Drizzle          1.0403 sec.
[INFO    ] 
[INFO    ]           Create Median          1.4568 sec.
[INFO    ] 
[INFO    ]                    Blot          2.6139 sec.
[INFO    ] 
[INFO    ]                 Driz_CR          1.1132 sec.
[INFO    ] 
[INFO    ]           Final Drizzle          4.5534 sec.
[INFO    ] 
[INFO    ]    ====================          ====================
[INFO    ] 
[INFO    ]                   Total          14.2047 sec.
[INFO    ] 
[INFO    ] Trailer file written to:  astrodrizzle.log
[INFO    ] 
